This is pdfTeX, Version 3.141592653-2.6-1.40.26 (MiKTeX 24.4) (preloaded format=pdflatex 2024.8.7)  8 OCT 2024 18:32
entering extended mode
 restricted \write18 enabled.
 file:line:error style messages enabled.
 %&-line parsing enabled.
**"c:/Users/felip/OneDrive/Escritorio/202420/MCOC/Parte 2/P1E1/ENTREGA_3_MCOC/INFORME/informe.tex"
(c:/Users/felip/OneDrive/Escritorio/202420/MCOC/Parte 2/P1E1/ENTREGA_3_MCOC/INFORME/informe.tex
LaTeX2e <2024-06-01> patch level 2
L3 programming layer <2024-07-20>
(C:\Users\felip\AppData\Local\Programs\MiKTeX\tex/latex/base\article.cls
Document Class: article 2024/02/08 v1.4n Standard LaTeX document class
(C:\Users\felip\AppData\Local\Programs\MiKTeX\tex/latex/base\size10.clo
File: size10.clo 2024/02/08 v1.4n Standard LaTeX file (size option)
)
\c@part=\count194
\c@section=\count195
\c@subsection=\count196
\c@subsubsection=\count197
\c@paragraph=\count198
\c@subparagraph=\count199
\c@figure=\count266
\c@table=\count267
\abovecaptionskip=\skip49
\belowcaptionskip=\skip50
\bibindent=\dimen141
) (C:\Users\felip\AppData\Local\Programs\MiKTeX\tex/latex/base\inputenc.sty
Package: inputenc 2024/02/08 v1.3d Input encoding file
\inpenc@prehook=\toks17
\inpenc@posthook=\toks18
) (C:\Users\felip\AppData\Local\Programs\MiKTeX\tex/latex/base\fontenc.sty
Package: fontenc 2021/04/29 v2.0v Standard LaTeX package
) (C:\Users\felip\AppData\Local\Programs\MiKTeX\tex/generic/babel\babel.sty
Package: babel 2024/06/26 v24.7 The Babel package
\babel@savecnt=\count268
\U@D=\dimen142
\l@unhyphenated=\language79
 (C:\Users\felip\AppData\Local\Programs\MiKTeX\tex/generic/babel\txtbabel.def)
\bbl@readstream=\read2
\bbl@dirlevel=\count269

*************************************
* Local config file bblopts.cfg used
*
(C:\Users\felip\AppData\Local\Programs\MiKTeX\tex/latex/arabi\bblopts.cfg
File: bblopts.cfg 2005/09/08 v0.1 add Arabic and Farsi to "declared" options of babel
) (C:\Users\felip\AppData\Local\Programs\MiKTeX\tex/latex/babel-spanish\spanish.ldf
Language: spanish.ldf 2021/05/27 v5.0q Spanish support from the babel system
\es@quottoks=\toks19
\es@quotdepth=\count270
Package babel Info: Making " an active character on input line 570.
Package babel Info: Making . an active character on input line 675.
Package babel Info: Making < an active character on input line 722.
Package babel Info: Making > an active character on input line 722.
)) (C:\Users\felip\AppData\Local\Programs\MiKTeX\tex/generic/babel/locale/es\babel-spanish.tex
Package babel Info: Importing font and identification data for spanish
(babel)             from babel-es.ini. Reported on input line 11.
) (C:\Users\felip\AppData\Local\Programs\MiKTeX\tex/latex/geometry\geometry.sty
Package: geometry 2020/01/02 v5.9 Page Geometry
 (C:\Users\felip\AppData\Local\Programs\MiKTeX\tex/latex/graphics\keyval.sty
Package: keyval 2022/05/29 v1.15 key=value parser (DPC)
\KV@toks@=\toks20
) (C:\Users\felip\AppData\Local\Programs\MiKTeX\tex/generic/iftex\ifvtex.sty
Package: ifvtex 2019/10/25 v1.7 ifvtex legacy package. Use iftex instead.
 (C:\Users\felip\AppData\Local\Programs\MiKTeX\tex/generic/iftex\iftex.sty
Package: iftex 2022/02/03 v1.0f TeX engine tests
))
\Gm@cnth=\count271
\Gm@cntv=\count272
\c@Gm@tempcnt=\count273
\Gm@bindingoffset=\dimen143
\Gm@wd@mp=\dimen144
\Gm@odd@mp=\dimen145
\Gm@even@mp=\dimen146
\Gm@layoutwidth=\dimen147
\Gm@layoutheight=\dimen148
\Gm@layouthoffset=\dimen149
\Gm@layoutvoffset=\dimen150
\Gm@dimlist=\toks21
 (C:\Users\felip\AppData\Local\Programs\MiKTeX\tex/latex/geometry\geometry.cfg)) (C:\Users\felip\AppData\Local\Programs\MiKTeX\tex/latex/psnfss\mathptmx.sty
Package: mathptmx 2020/03/25 PSNFSS-v9.3 Times w/ Math, improved (SPQR, WaS) 
LaTeX Font Info:    Redeclaring symbol font `operators' on input line 28.
LaTeX Font Info:    Overwriting symbol font `operators' in version `normal'
(Font)                  OT1/cmr/m/n --> OT1/ztmcm/m/n on input line 28.
LaTeX Font Info:    Overwriting symbol font `operators' in version `bold'
(Font)                  OT1/cmr/bx/n --> OT1/ztmcm/m/n on input line 28.
LaTeX Font Info:    Redeclaring symbol font `letters' on input line 29.
LaTeX Font Info:    Overwriting symbol font `letters' in version `normal'
(Font)                  OML/cmm/m/it --> OML/ztmcm/m/it on input line 29.
LaTeX Font Info:    Overwriting symbol font `letters' in version `bold'
(Font)                  OML/cmm/b/it --> OML/ztmcm/m/it on input line 29.
LaTeX Font Info:    Redeclaring symbol font `symbols' on input line 30.
LaTeX Font Info:    Overwriting symbol font `symbols' in version `normal'
(Font)                  OMS/cmsy/m/n --> OMS/ztmcm/m/n on input line 30.
LaTeX Font Info:    Overwriting symbol font `symbols' in version `bold'
(Font)                  OMS/cmsy/b/n --> OMS/ztmcm/m/n on input line 30.
LaTeX Font Info:    Redeclaring symbol font `largesymbols' on input line 31.
LaTeX Font Info:    Overwriting symbol font `largesymbols' in version `normal'
(Font)                  OMX/cmex/m/n --> OMX/ztmcm/m/n on input line 31.
LaTeX Font Info:    Overwriting symbol font `largesymbols' in version `bold'
(Font)                  OMX/cmex/m/n --> OMX/ztmcm/m/n on input line 31.
\symbold=\mathgroup4
\symitalic=\mathgroup5
LaTeX Font Info:    Redeclaring math alphabet \mathbf on input line 34.
LaTeX Font Info:    Overwriting math alphabet `\mathbf' in version `normal'
(Font)                  OT1/cmr/bx/n --> OT1/ptm/bx/n on input line 34.
LaTeX Font Info:    Overwriting math alphabet `\mathbf' in version `bold'
(Font)                  OT1/cmr/bx/n --> OT1/ptm/bx/n on input line 34.
LaTeX Font Info:    Redeclaring math alphabet \mathit on input line 35.
LaTeX Font Info:    Overwriting math alphabet `\mathit' in version `normal'
(Font)                  OT1/cmr/m/it --> OT1/ptm/m/it on input line 35.
LaTeX Font Info:    Overwriting math alphabet `\mathit' in version `bold'
(Font)                  OT1/cmr/bx/it --> OT1/ptm/m/it on input line 35.
LaTeX Info: Redefining \hbar on input line 50.
) (C:\Users\felip\AppData\Local\Programs\MiKTeX\tex/latex/microtype\microtype.sty
Package: microtype 2024/03/29 v3.1b Micro-typographical refinements (RS)
 (C:\Users\felip\AppData\Local\Programs\MiKTeX\tex/latex/etoolbox\etoolbox.sty
Package: etoolbox 2020/10/05 v2.5k e-TeX tools for LaTeX (JAW)
\etb@tempcnta=\count274
)
\MT@toks=\toks22
\MT@tempbox=\box52
\MT@count=\count275
LaTeX Info: Redefining \noprotrusionifhmode on input line 1061.
LaTeX Info: Redefining \leftprotrusion on input line 1062.
\MT@prot@toks=\toks23
LaTeX Info: Redefining \rightprotrusion on input line 1081.
LaTeX Info: Redefining \textls on input line 1392.
\MT@outer@kern=\dimen151
LaTeX Info: Redefining \textmicrotypecontext on input line 2013.
\MT@listname@count=\count276
 (C:\Users\felip\AppData\Local\Programs\MiKTeX\tex/latex/microtype\microtype-pdftex.def
File: microtype-pdftex.def 2024/03/29 v3.1b Definitions specific to pdftex (RS)
LaTeX Info: Redefining \lsstyle on input line 902.
LaTeX Info: Redefining \lslig on input line 902.
\MT@outer@space=\skip51
)
Package microtype Info: Loading configuration file microtype.cfg.
 (C:\Users\felip\AppData\Local\Programs\MiKTeX\tex/latex/microtype\microtype.cfg
File: microtype.cfg 2024/03/29 v3.1b microtype main configuration file (RS)
)) (C:\Users\felip\AppData\Local\Programs\MiKTeX\tex/latex/xcolor\xcolor.sty
Package: xcolor 2023/11/15 v3.01 LaTeX color extensions (UK)
 (C:\Users\felip\AppData\Local\Programs\MiKTeX\tex/latex/graphics-cfg\color.cfg
File: color.cfg 2016/01/02 v1.6 sample color configuration
)
Package xcolor Info: Driver file: pdftex.def on input line 274.
 (C:\Users\felip\AppData\Local\Programs\MiKTeX\tex/latex/graphics-def\pdftex.def
File: pdftex.def 2024/04/13 v1.2c Graphics/color driver for pdftex
) (C:\Users\felip\AppData\Local\Programs\MiKTeX\tex/latex/graphics\mathcolor.ltx)
Package xcolor Info: Model `cmy' substituted by `cmy0' on input line 1350.
Package xcolor Info: Model `hsb' substituted by `rgb' on input line 1354.
Package xcolor Info: Model `RGB' extended on input line 1366.
Package xcolor Info: Model `HTML' substituted by `rgb' on input line 1368.
Package xcolor Info: Model `Hsb' substituted by `hsb' on input line 1369.
Package xcolor Info: Model `tHsb' substituted by `hsb' on input line 1370.
Package xcolor Info: Model `HSB' substituted by `hsb' on input line 1371.
Package xcolor Info: Model `Gray' substituted by `gray' on input line 1372.
Package xcolor Info: Model `wave' substituted by `hsb' on input line 1373.
) (C:\Users\felip\AppData\Local\Programs\MiKTeX\tex/latex/graphics\graphicx.sty
Package: graphicx 2021/09/16 v1.2d Enhanced LaTeX Graphics (DPC,SPQR)
 (C:\Users\felip\AppData\Local\Programs\MiKTeX\tex/latex/graphics\graphics.sty
Package: graphics 2024/05/23 v1.4g Standard LaTeX Graphics (DPC,SPQR)
 (C:\Users\felip\AppData\Local\Programs\MiKTeX\tex/latex/graphics\trig.sty
Package: trig 2023/12/02 v1.11 sin cos tan (DPC)
) (C:\Users\felip\AppData\Local\Programs\MiKTeX\tex/latex/graphics-cfg\graphics.cfg
File: graphics.cfg 2016/06/04 v1.11 sample graphics configuration
)
Package graphics Info: Driver file: pdftex.def on input line 106.
)
\Gin@req@height=\dimen152
\Gin@req@width=\dimen153
) (C:\Users\felip\AppData\Local\Programs\MiKTeX\tex/latex/pgf/frontendlayer\tikz.sty (C:\Users\felip\AppData\Local\Programs\MiKTeX\tex/latex/pgf/basiclayer\pgf.sty (C:\Users\felip\AppData\Local\Programs\MiKTeX\tex/latex/pgf/utilities\pgfrcs.sty (C:\Users\felip\AppData\Local\Programs\MiKTeX\tex/generic/pgf/utilities\pgfutil-common.tex
\pgfutil@everybye=\toks24
\pgfutil@tempdima=\dimen154
\pgfutil@tempdimb=\dimen155
) (C:\Users\felip\AppData\Local\Programs\MiKTeX\tex/generic/pgf/utilities\pgfutil-latex.def
\pgfutil@abb=\box53
) (C:\Users\felip\AppData\Local\Programs\MiKTeX\tex/generic/pgf/utilities\pgfrcs.code.tex (C:\Users\felip\AppData\Local\Programs\MiKTeX\tex/generic/pgf\pgf.revision.tex)
Package: pgfrcs 2023-01-15 v3.1.10 (3.1.10)
))
Package: pgf 2023-01-15 v3.1.10 (3.1.10)
 (C:\Users\felip\AppData\Local\Programs\MiKTeX\tex/latex/pgf/basiclayer\pgfcore.sty (C:\Users\felip\AppData\Local\Programs\MiKTeX\tex/latex/pgf/systemlayer\pgfsys.sty (C:\Users\felip\AppData\Local\Programs\MiKTeX\tex/generic/pgf/systemlayer\pgfsys.code.tex
Package: pgfsys 2023-01-15 v3.1.10 (3.1.10)
 (C:\Users\felip\AppData\Local\Programs\MiKTeX\tex/generic/pgf/utilities\pgfkeys.code.tex
\pgfkeys@pathtoks=\toks25
\pgfkeys@temptoks=\toks26
 (C:\Users\felip\AppData\Local\Programs\MiKTeX\tex/generic/pgf/utilities\pgfkeyslibraryfiltered.code.tex
\pgfkeys@tmptoks=\toks27
))
\pgf@x=\dimen156
\pgf@y=\dimen157
\pgf@xa=\dimen158
\pgf@ya=\dimen159
\pgf@xb=\dimen160
\pgf@yb=\dimen161
\pgf@xc=\dimen162
\pgf@yc=\dimen163
\pgf@xd=\dimen164
\pgf@yd=\dimen165
\w@pgf@writea=\write3
\r@pgf@reada=\read3
\c@pgf@counta=\count277
\c@pgf@countb=\count278
\c@pgf@countc=\count279
\c@pgf@countd=\count280
\t@pgf@toka=\toks28
\t@pgf@tokb=\toks29
\t@pgf@tokc=\toks30
\pgf@sys@id@count=\count281
 (C:\Users\felip\AppData\Local\Programs\MiKTeX\tex/generic/pgf/systemlayer\pgf.cfg
File: pgf.cfg 2023-01-15 v3.1.10 (3.1.10)
)
Driver file for pgf: pgfsys-pdftex.def
 (C:\Users\felip\AppData\Local\Programs\MiKTeX\tex/generic/pgf/systemlayer\pgfsys-pdftex.def
File: pgfsys-pdftex.def 2023-01-15 v3.1.10 (3.1.10)
 (C:\Users\felip\AppData\Local\Programs\MiKTeX\tex/generic/pgf/systemlayer\pgfsys-common-pdf.def
File: pgfsys-common-pdf.def 2023-01-15 v3.1.10 (3.1.10)
))) (C:\Users\felip\AppData\Local\Programs\MiKTeX\tex/generic/pgf/systemlayer\pgfsyssoftpath.code.tex
File: pgfsyssoftpath.code.tex 2023-01-15 v3.1.10 (3.1.10)
\pgfsyssoftpath@smallbuffer@items=\count282
\pgfsyssoftpath@bigbuffer@items=\count283
) (C:\Users\felip\AppData\Local\Programs\MiKTeX\tex/generic/pgf/systemlayer\pgfsysprotocol.code.tex
File: pgfsysprotocol.code.tex 2023-01-15 v3.1.10 (3.1.10)
)) (C:\Users\felip\AppData\Local\Programs\MiKTeX\tex/generic/pgf/basiclayer\pgfcore.code.tex
Package: pgfcore 2023-01-15 v3.1.10 (3.1.10)
 (C:\Users\felip\AppData\Local\Programs\MiKTeX\tex/generic/pgf/math\pgfmath.code.tex (C:\Users\felip\AppData\Local\Programs\MiKTeX\tex/generic/pgf/math\pgfmathutil.code.tex) (C:\Users\felip\AppData\Local\Programs\MiKTeX\tex/generic/pgf/math\pgfmathparser.code.tex
\pgfmath@dimen=\dimen166
\pgfmath@count=\count284
\pgfmath@box=\box54
\pgfmath@toks=\toks31
\pgfmath@stack@operand=\toks32
\pgfmath@stack@operation=\toks33
) (C:\Users\felip\AppData\Local\Programs\MiKTeX\tex/generic/pgf/math\pgfmathfunctions.code.tex) (C:\Users\felip\AppData\Local\Programs\MiKTeX\tex/generic/pgf/math\pgfmathfunctions.basic.code.tex) (C:\Users\felip\AppData\Local\Programs\MiKTeX\tex/generic/pgf/math\pgfmathfunctions.trigonometric.code.tex) (C:\Users\felip\AppData\Local\Programs\MiKTeX\tex/generic/pgf/math\pgfmathfunctions.random.code.tex) (C:\Users\felip\AppData\Local\Programs\MiKTeX\tex/generic/pgf/math\pgfmathfunctions.comparison.code.tex) (C:\Users\felip\AppData\Local\Programs\MiKTeX\tex/generic/pgf/math\pgfmathfunctions.base.code.tex) (C:\Users\felip\AppData\Local\Programs\MiKTeX\tex/generic/pgf/math\pgfmathfunctions.round.code.tex) (C:\Users\felip\AppData\Local\Programs\MiKTeX\tex/generic/pgf/math\pgfmathfunctions.misc.code.tex) (C:\Users\felip\AppData\Local\Programs\MiKTeX\tex/generic/pgf/math\pgfmathfunctions.integerarithmetics.code.tex) (C:\Users\felip\AppData\Local\Programs\MiKTeX\tex/generic/pgf/math\pgfmathcalc.code.tex) (C:\Users\felip\AppData\Local\Programs\MiKTeX\tex/generic/pgf/math\pgfmathfloat.code.tex
\c@pgfmathroundto@lastzeros=\count285
)) (C:\Users\felip\AppData\Local\Programs\MiKTeX\tex/generic/pgf/math\pgfint.code.tex) (C:\Users\felip\AppData\Local\Programs\MiKTeX\tex/generic/pgf/basiclayer\pgfcorepoints.code.tex
File: pgfcorepoints.code.tex 2023-01-15 v3.1.10 (3.1.10)
\pgf@picminx=\dimen167
\pgf@picmaxx=\dimen168
\pgf@picminy=\dimen169
\pgf@picmaxy=\dimen170
\pgf@pathminx=\dimen171
\pgf@pathmaxx=\dimen172
\pgf@pathminy=\dimen173
\pgf@pathmaxy=\dimen174
\pgf@xx=\dimen175
\pgf@xy=\dimen176
\pgf@yx=\dimen177
\pgf@yy=\dimen178
\pgf@zx=\dimen179
\pgf@zy=\dimen180
) (C:\Users\felip\AppData\Local\Programs\MiKTeX\tex/generic/pgf/basiclayer\pgfcorepathconstruct.code.tex
File: pgfcorepathconstruct.code.tex 2023-01-15 v3.1.10 (3.1.10)
\pgf@path@lastx=\dimen181
\pgf@path@lasty=\dimen182
) (C:\Users\felip\AppData\Local\Programs\MiKTeX\tex/generic/pgf/basiclayer\pgfcorepathusage.code.tex
File: pgfcorepathusage.code.tex 2023-01-15 v3.1.10 (3.1.10)
\pgf@shorten@end@additional=\dimen183
\pgf@shorten@start@additional=\dimen184
) (C:\Users\felip\AppData\Local\Programs\MiKTeX\tex/generic/pgf/basiclayer\pgfcorescopes.code.tex
File: pgfcorescopes.code.tex 2023-01-15 v3.1.10 (3.1.10)
\pgfpic=\box55
\pgf@hbox=\box56
\pgf@layerbox@main=\box57
\pgf@picture@serial@count=\count286
) (C:\Users\felip\AppData\Local\Programs\MiKTeX\tex/generic/pgf/basiclayer\pgfcoregraphicstate.code.tex
File: pgfcoregraphicstate.code.tex 2023-01-15 v3.1.10 (3.1.10)
\pgflinewidth=\dimen185
) (C:\Users\felip\AppData\Local\Programs\MiKTeX\tex/generic/pgf/basiclayer\pgfcoretransformations.code.tex
File: pgfcoretransformations.code.tex 2023-01-15 v3.1.10 (3.1.10)
\pgf@pt@x=\dimen186
\pgf@pt@y=\dimen187
\pgf@pt@temp=\dimen188
) (C:\Users\felip\AppData\Local\Programs\MiKTeX\tex/generic/pgf/basiclayer\pgfcorequick.code.tex
File: pgfcorequick.code.tex 2023-01-15 v3.1.10 (3.1.10)
) (C:\Users\felip\AppData\Local\Programs\MiKTeX\tex/generic/pgf/basiclayer\pgfcoreobjects.code.tex
File: pgfcoreobjects.code.tex 2023-01-15 v3.1.10 (3.1.10)
) (C:\Users\felip\AppData\Local\Programs\MiKTeX\tex/generic/pgf/basiclayer\pgfcorepathprocessing.code.tex
File: pgfcorepathprocessing.code.tex 2023-01-15 v3.1.10 (3.1.10)
) (C:\Users\felip\AppData\Local\Programs\MiKTeX\tex/generic/pgf/basiclayer\pgfcorearrows.code.tex
File: pgfcorearrows.code.tex 2023-01-15 v3.1.10 (3.1.10)
\pgfarrowsep=\dimen189
) (C:\Users\felip\AppData\Local\Programs\MiKTeX\tex/generic/pgf/basiclayer\pgfcoreshade.code.tex
File: pgfcoreshade.code.tex 2023-01-15 v3.1.10 (3.1.10)
\pgf@max=\dimen190
\pgf@sys@shading@range@num=\count287
\pgf@shadingcount=\count288
) (C:\Users\felip\AppData\Local\Programs\MiKTeX\tex/generic/pgf/basiclayer\pgfcoreimage.code.tex
File: pgfcoreimage.code.tex 2023-01-15 v3.1.10 (3.1.10)
) (C:\Users\felip\AppData\Local\Programs\MiKTeX\tex/generic/pgf/basiclayer\pgfcoreexternal.code.tex
File: pgfcoreexternal.code.tex 2023-01-15 v3.1.10 (3.1.10)
\pgfexternal@startupbox=\box58
) (C:\Users\felip\AppData\Local\Programs\MiKTeX\tex/generic/pgf/basiclayer\pgfcorelayers.code.tex
File: pgfcorelayers.code.tex 2023-01-15 v3.1.10 (3.1.10)
) (C:\Users\felip\AppData\Local\Programs\MiKTeX\tex/generic/pgf/basiclayer\pgfcoretransparency.code.tex
File: pgfcoretransparency.code.tex 2023-01-15 v3.1.10 (3.1.10)
) (C:\Users\felip\AppData\Local\Programs\MiKTeX\tex/generic/pgf/basiclayer\pgfcorepatterns.code.tex
File: pgfcorepatterns.code.tex 2023-01-15 v3.1.10 (3.1.10)
) (C:\Users\felip\AppData\Local\Programs\MiKTeX\tex/generic/pgf/basiclayer\pgfcorerdf.code.tex
File: pgfcorerdf.code.tex 2023-01-15 v3.1.10 (3.1.10)
))) (C:\Users\felip\AppData\Local\Programs\MiKTeX\tex/generic/pgf/modules\pgfmoduleshapes.code.tex
File: pgfmoduleshapes.code.tex 2023-01-15 v3.1.10 (3.1.10)
\pgfnodeparttextbox=\box59
) (C:\Users\felip\AppData\Local\Programs\MiKTeX\tex/generic/pgf/modules\pgfmoduleplot.code.tex
File: pgfmoduleplot.code.tex 2023-01-15 v3.1.10 (3.1.10)
) (C:\Users\felip\AppData\Local\Programs\MiKTeX\tex/latex/pgf/compatibility\pgfcomp-version-0-65.sty
Package: pgfcomp-version-0-65 2023-01-15 v3.1.10 (3.1.10)
\pgf@nodesepstart=\dimen191
\pgf@nodesepend=\dimen192
) (C:\Users\felip\AppData\Local\Programs\MiKTeX\tex/latex/pgf/compatibility\pgfcomp-version-1-18.sty
Package: pgfcomp-version-1-18 2023-01-15 v3.1.10 (3.1.10)
)) (C:\Users\felip\AppData\Local\Programs\MiKTeX\tex/latex/pgf/utilities\pgffor.sty (C:\Users\felip\AppData\Local\Programs\MiKTeX\tex/latex/pgf/utilities\pgfkeys.sty (C:\Users\felip\AppData\Local\Programs\MiKTeX\tex/generic/pgf/utilities\pgfkeys.code.tex)) (C:\Users\felip\AppData\Local\Programs\MiKTeX\tex/latex/pgf/math\pgfmath.sty (C:\Users\felip\AppData\Local\Programs\MiKTeX\tex/generic/pgf/math\pgfmath.code.tex)) (C:\Users\felip\AppData\Local\Programs\MiKTeX\tex/generic/pgf/utilities\pgffor.code.tex
Package: pgffor 2023-01-15 v3.1.10 (3.1.10)
\pgffor@iter=\dimen193
\pgffor@skip=\dimen194
\pgffor@stack=\toks34
\pgffor@toks=\toks35
)) (C:\Users\felip\AppData\Local\Programs\MiKTeX\tex/generic/pgf/frontendlayer/tikz\tikz.code.tex
Package: tikz 2023-01-15 v3.1.10 (3.1.10)
 (C:\Users\felip\AppData\Local\Programs\MiKTeX\tex/generic/pgf/libraries\pgflibraryplothandlers.code.tex
File: pgflibraryplothandlers.code.tex 2023-01-15 v3.1.10 (3.1.10)
\pgf@plot@mark@count=\count289
\pgfplotmarksize=\dimen195
)
\tikz@lastx=\dimen196
\tikz@lasty=\dimen197
\tikz@lastxsaved=\dimen198
\tikz@lastysaved=\dimen199
\tikz@lastmovetox=\dimen256
\tikz@lastmovetoy=\dimen257
\tikzleveldistance=\dimen258
\tikzsiblingdistance=\dimen259
\tikz@figbox=\box60
\tikz@figbox@bg=\box61
\tikz@tempbox=\box62
\tikz@tempbox@bg=\box63
\tikztreelevel=\count290
\tikznumberofchildren=\count291
\tikznumberofcurrentchild=\count292
\tikz@fig@count=\count293
 (C:\Users\felip\AppData\Local\Programs\MiKTeX\tex/generic/pgf/modules\pgfmodulematrix.code.tex
File: pgfmodulematrix.code.tex 2023-01-15 v3.1.10 (3.1.10)
\pgfmatrixcurrentrow=\count294
\pgfmatrixcurrentcolumn=\count295
\pgf@matrix@numberofcolumns=\count296
)
\tikz@expandcount=\count297
 (C:\Users\felip\AppData\Local\Programs\MiKTeX\tex/generic/pgf/frontendlayer/tikz/libraries\tikzlibrarytopaths.code.tex
File: tikzlibrarytopaths.code.tex 2023-01-15 v3.1.10 (3.1.10)
))) (C:\Users\felip\AppData\Local\Programs\MiKTeX\tex/latex/hyperref\hyperref.sty
Package: hyperref 2024-07-10 v7.01j Hypertext links for LaTeX
 (C:\Users\felip\AppData\Local\Programs\MiKTeX\tex/latex/kvsetkeys\kvsetkeys.sty
Package: kvsetkeys 2022-10-05 v1.19 Key value parser (HO)
) (C:\Users\felip\AppData\Local\Programs\MiKTeX\tex/generic/kvdefinekeys\kvdefinekeys.sty
Package: kvdefinekeys 2019-12-19 v1.6 Define keys (HO)
) (C:\Users\felip\AppData\Local\Programs\MiKTeX\tex/generic/pdfescape\pdfescape.sty
Package: pdfescape 2019/12/09 v1.15 Implements pdfTeX's escape features (HO)
 (C:\Users\felip\AppData\Local\Programs\MiKTeX\tex/generic/ltxcmds\ltxcmds.sty
Package: ltxcmds 2023-12-04 v1.26 LaTeX kernel commands for general use (HO)
) (C:\Users\felip\AppData\Local\Programs\MiKTeX\tex/generic/pdftexcmds\pdftexcmds.sty
Package: pdftexcmds 2020-06-27 v0.33 Utility functions of pdfTeX for LuaTeX (HO)
 (C:\Users\felip\AppData\Local\Programs\MiKTeX\tex/generic/infwarerr\infwarerr.sty
Package: infwarerr 2019/12/03 v1.5 Providing info/warning/error messages (HO)
)
Package pdftexcmds Info: \pdf@primitive is available.
Package pdftexcmds Info: \pdf@ifprimitive is available.
Package pdftexcmds Info: \pdfdraftmode found.
)) (C:\Users\felip\AppData\Local\Programs\MiKTeX\tex/latex/hycolor\hycolor.sty
Package: hycolor 2020-01-27 v1.10 Color options for hyperref/bookmark (HO)
) (C:\Users\felip\AppData\Local\Programs\MiKTeX\tex/latex/hyperref\nameref.sty
Package: nameref 2023-11-26 v2.56 Cross-referencing by name of section
 (C:\Users\felip\AppData\Local\Programs\MiKTeX\tex/latex/refcount\refcount.sty
Package: refcount 2019/12/15 v3.6 Data extraction from label references (HO)
) (C:\Users\felip\AppData\Local\Programs\MiKTeX\tex/generic/gettitlestring\gettitlestring.sty
Package: gettitlestring 2019/12/15 v1.6 Cleanup title references (HO)
 (C:\Users\felip\AppData\Local\Programs\MiKTeX\tex/latex/kvoptions\kvoptions.sty
Package: kvoptions 2022-06-15 v3.15 Key value format for package options (HO)
))
\c@section@level=\count298
) (C:\Users\felip\AppData\Local\Programs\MiKTeX\tex/generic/stringenc\stringenc.sty
Package: stringenc 2019/11/29 v1.12 Convert strings between diff. encodings (HO)
)
\@linkdim=\dimen260
\Hy@linkcounter=\count299
\Hy@pagecounter=\count300
 (C:\Users\felip\AppData\Local\Programs\MiKTeX\tex/latex/hyperref\pd1enc.def
File: pd1enc.def 2024-07-10 v7.01j Hyperref: PDFDocEncoding definition (HO)
Now handling font encoding PD1 ...
... no UTF-8 mapping file for font encoding PD1
) (C:\Users\felip\AppData\Local\Programs\MiKTeX\tex/generic/intcalc\intcalc.sty
Package: intcalc 2019/12/15 v1.3 Expandable calculations with integers (HO)
)
\Hy@SavedSpaceFactor=\count301
 (C:\Users\felip\AppData\Local\Programs\MiKTeX\tex/latex/hyperref\puenc.def
File: puenc.def 2024-07-10 v7.01j Hyperref: PDF Unicode definition (HO)
Now handling font encoding PU ...
... no UTF-8 mapping file for font encoding PU
)
Package hyperref Info: Hyper figures OFF on input line 4157.
Package hyperref Info: Link nesting OFF on input line 4162.
Package hyperref Info: Hyper index ON on input line 4165.
Package hyperref Info: Plain pages OFF on input line 4172.
Package hyperref Info: Backreferencing OFF on input line 4177.
Package hyperref Info: Implicit mode ON; LaTeX internals redefined.
Package hyperref Info: Bookmarks ON on input line 4424.
\c@Hy@tempcnt=\count302
 (C:\Users\felip\AppData\Local\Programs\MiKTeX\tex/latex/url\url.sty
\Urlmuskip=\muskip17
Package: url 2013/09/16  ver 3.4  Verb mode for urls, etc.
)
LaTeX Info: Redefining \url on input line 4763.
\XeTeXLinkMargin=\dimen261
 (C:\Users\felip\AppData\Local\Programs\MiKTeX\tex/generic/bitset\bitset.sty
Package: bitset 2019/12/09 v1.3 Handle bit-vector datatype (HO)
 (C:\Users\felip\AppData\Local\Programs\MiKTeX\tex/generic/bigintcalc\bigintcalc.sty
Package: bigintcalc 2019/12/15 v1.5 Expandable calculations on big integers (HO)
))
\Fld@menulength=\count303
\Field@Width=\dimen262
\Fld@charsize=\dimen263
Package hyperref Info: Hyper figures OFF on input line 6042.
Package hyperref Info: Link nesting OFF on input line 6047.
Package hyperref Info: Hyper index ON on input line 6050.
Package hyperref Info: backreferencing OFF on input line 6057.
Package hyperref Info: Link coloring OFF on input line 6062.
Package hyperref Info: Link coloring with OCG OFF on input line 6067.
Package hyperref Info: PDF/A mode OFF on input line 6072.
 (C:\Users\felip\AppData\Local\Programs\MiKTeX\tex/latex/base\atbegshi-ltx.sty
Package: atbegshi-ltx 2021/01/10 v1.0c Emulation of the original atbegshi
package with kernel methods
)
\Hy@abspage=\count304
\c@Item=\count305
\c@Hfootnote=\count306
)
Package hyperref Info: Driver (autodetected): hpdftex.
 (C:\Users\felip\AppData\Local\Programs\MiKTeX\tex/latex/hyperref\hpdftex.def
File: hpdftex.def 2024-07-10 v7.01j Hyperref driver for pdfTeX
 (C:\Users\felip\AppData\Local\Programs\MiKTeX\tex/latex/base\atveryend-ltx.sty
Package: atveryend-ltx 2020/08/19 v1.0a Emulation of the original atveryend package
with kernel methods
)
\Fld@listcount=\count307
\c@bookmark@seq@number=\count308
 (C:\Users\felip\AppData\Local\Programs\MiKTeX\tex/latex/rerunfilecheck\rerunfilecheck.sty
Package: rerunfilecheck 2022-07-10 v1.10 Rerun checks for auxiliary files (HO)
 (C:\Users\felip\AppData\Local\Programs\MiKTeX\tex/generic/uniquecounter\uniquecounter.sty
Package: uniquecounter 2019/12/15 v1.4 Provide unlimited unique counter (HO)
)
Package uniquecounter Info: New unique counter `rerunfilecheck' on input line 285.
)
\Hy@SectionHShift=\skip52
)
Package hyperref Info: Option `colorlinks' set `true' on input line 28.
 (C:\Users\felip\AppData\Local\Programs\MiKTeX\tex/latex/media9\media9.sty
Package: media9 2024/09/13 v1.28 acrobat-9/X compatible media
\g_mix_pkgresizeflag_int=\count309
 (C:\Users\felip\AppData\Local\Programs\MiKTeX\tex/latex/media9\pdfbase.sty
Package: pdfbase 2024/09/13 v0.58 driver independent access to low-level PDF features
 (C:\Users\felip\AppData\Local\Programs\MiKTeX\tex/latex/l3backend\l3backend-pdftex.def
File: l3backend-pdftex.def 2024-05-08 L3 backend support: PDF output (pdfTeX)
\l__color_backend_stack_int=\count310
\l__pdf_internal_box=\box64
)
\g_pbs_page_int=\count311
\g_pbs_oc_int=\count312
)
(C:\Users\felip\AppData\Local\Programs\MiKTeX\tex/latex/ocgx2\ocgbase.sty
Package: ocgbase 2024/08/28 v0.23 support package for ocgx2.sty
)
\l_mix_poster_box=\box65
\g_mix_wd_dim=\dimen264
\g_mix_ht_dim=\dimen265
\g_mix_dp_dim=\dimen266
\g_mix_rmcnt_int=\count313
\l_mix_viewcnt_int=\count314
\g@mix@page@int=\count315
\g_mix_resizeflag_int=\count316
\l_mix_lineno_int=\count317
\l_mix_pbtn_box=\box66
\g_mix_mbtncnt_int=\count318
\mix@btn@dim=\dimen267
) (C:\Users\felip\AppData\Local\Programs\MiKTeX\tex/latex/booktabs\booktabs.sty
Package: booktabs 2020/01/12 v1.61803398 Publication quality tables
\heavyrulewidth=\dimen268
\lightrulewidth=\dimen269
\cmidrulewidth=\dimen270
\belowrulesep=\dimen271
\belowbottomsep=\dimen272
\aboverulesep=\dimen273
\abovetopsep=\dimen274
\cmidrulesep=\dimen275
\cmidrulekern=\dimen276
\defaultaddspace=\dimen277
\@cmidla=\count319
\@cmidlb=\count320
\@aboverulesep=\dimen278
\@belowrulesep=\dimen279
\@thisruleclass=\count321
\@lastruleclass=\count322
\@thisrulewidth=\dimen280
) (C:\Users\felip\AppData\Local\Programs\MiKTeX\tex/latex/float\float.sty
Package: float 2001/11/08 v1.3d Float enhancements (AL)
\c@float@type=\count323
\float@exts=\toks36
\float@box=\box67
\@float@everytoks=\toks37
\@floatcapt=\box68
) (C:\Users\felip\AppData\Local\Programs\MiKTeX\tex/latex/listings\listings.sty
\lst@mode=\count324
\lst@gtempboxa=\box69
\lst@token=\toks38
\lst@length=\count325
\lst@currlwidth=\dimen281
\lst@column=\count326
\lst@pos=\count327
\lst@lostspace=\dimen282
\lst@width=\dimen283
\lst@newlines=\count328
\lst@lineno=\count329
\lst@maxwidth=\dimen284
 (C:\Users\felip\AppData\Local\Programs\MiKTeX\tex/latex/listings\lstpatch.sty
File: lstpatch.sty 2024/05/25 1.10b (Carsten Heinz)
) (C:\Users\felip\AppData\Local\Programs\MiKTeX\tex/latex/listings\lstmisc.sty
File: lstmisc.sty 2024/05/25 1.10b (Carsten Heinz)
\c@lstnumber=\count330
\lst@skipnumbers=\count331
\lst@framebox=\box70
) (C:\Users\felip\AppData\Local\Programs\MiKTeX\tex/latex/listings\listings.cfg
File: listings.cfg 2024/05/25 1.10b listings configuration
))
Package: listings 2024/05/25 1.10b (Carsten Heinz)
 (C:\Users\felip\AppData\Local\Programs\MiKTeX\tex/latex/listings\lstlang1.sty
File: lstlang1.sty 2024/05/25 1.10b listings language file
) (C:\Users\felip\AppData\Local\Programs\MiKTeX\tex/latex/listings\lstlang2.sty
File: lstlang2.sty 2024/05/25 1.10b listings language file
) (C:\Users\felip\AppData\Local\Programs\MiKTeX\tex/latex/listings\lstlang3.sty
File: lstlang3.sty 2024/05/25 1.10b listings language file
) (C:\Users\felip\AppData\Local\Programs\MiKTeX\tex/latex/listings\lstlang1.sty
File: lstlang1.sty 2024/05/25 1.10b listings language file
) (C:\Users\felip\AppData\Local\Programs\MiKTeX\tex/latex/listings\lstlang2.sty
File: lstlang2.sty 2024/05/25 1.10b listings language file
) (C:\Users\felip\AppData\Local\Programs\MiKTeX\tex/latex/listings\lstlang3.sty
File: lstlang3.sty 2024/05/25 1.10b listings language file
) (C:\Users\felip\AppData\Local\Programs\MiKTeX\tex/latex/listings\lstlang1.sty
File: lstlang1.sty 2024/05/25 1.10b listings language file
) (C:\Users\felip\AppData\Local\Programs\MiKTeX\tex/latex/listings\lstlang2.sty
File: lstlang2.sty 2024/05/25 1.10b listings language file
) (C:\Users\felip\AppData\Local\Programs\MiKTeX\tex/latex/listings\lstlang3.sty
File: lstlang3.sty 2024/05/25 1.10b listings language file
) (C:\Users\felip\AppData\Local\Programs\MiKTeX\tex/latex/listings\lstmisc.sty
File: lstmisc.sty 2024/05/25 1.10b (Carsten Heinz)
) (C:\Users\felip\AppData\Local\Programs\MiKTeX\tex/latex/amsmath\amsmath.sty
Package: amsmath 2024/05/23 v2.17q AMS math features
\@mathmargin=\skip53

For additional information on amsmath, use the `?' option.
(C:\Users\felip\AppData\Local\Programs\MiKTeX\tex/latex/amsmath\amstext.sty
Package: amstext 2021/08/26 v2.01 AMS text
 (C:\Users\felip\AppData\Local\Programs\MiKTeX\tex/latex/amsmath\amsgen.sty
File: amsgen.sty 1999/11/30 v2.0 generic functions
\@emptytoks=\toks39
\ex@=\dimen285
)) (C:\Users\felip\AppData\Local\Programs\MiKTeX\tex/latex/amsmath\amsbsy.sty
Package: amsbsy 1999/11/29 v1.2d Bold Symbols
\pmbraise@=\dimen286
) (C:\Users\felip\AppData\Local\Programs\MiKTeX\tex/latex/amsmath\amsopn.sty
Package: amsopn 2022/04/08 v2.04 operator names
)
\inf@bad=\count332
LaTeX Info: Redefining \frac on input line 233.
\uproot@=\count333
\leftroot@=\count334
LaTeX Info: Redefining \overline on input line 398.
LaTeX Info: Redefining \colon on input line 409.
\classnum@=\count335
\DOTSCASE@=\count336
LaTeX Info: Redefining \ldots on input line 495.
LaTeX Info: Redefining \dots on input line 498.
LaTeX Info: Redefining \cdots on input line 619.
\Mathstrutbox@=\box71
\strutbox@=\box72
LaTeX Info: Redefining \big on input line 721.
LaTeX Info: Redefining \Big on input line 722.
LaTeX Info: Redefining \bigg on input line 723.
LaTeX Info: Redefining \Bigg on input line 724.
\big@size=\dimen287
LaTeX Font Info:    Redeclaring font encoding OML on input line 742.
LaTeX Font Info:    Redeclaring font encoding OMS on input line 743.
\macc@depth=\count337
LaTeX Info: Redefining \bmod on input line 904.
LaTeX Info: Redefining \pmod on input line 909.
LaTeX Info: Redefining \smash on input line 939.
LaTeX Info: Redefining \relbar on input line 969.
LaTeX Info: Redefining \Relbar on input line 970.
\c@MaxMatrixCols=\count338
\dotsspace@=\muskip18
\c@parentequation=\count339
\dspbrk@lvl=\count340
\tag@help=\toks40
\row@=\count341
\column@=\count342
\maxfields@=\count343
\andhelp@=\toks41
\eqnshift@=\dimen288
\alignsep@=\dimen289
\tagshift@=\dimen290
\tagwidth@=\dimen291
\totwidth@=\dimen292
\lineht@=\dimen293
\@envbody=\toks42
\multlinegap=\skip54
\multlinetaggap=\skip55
\mathdisplay@stack=\toks43
LaTeX Info: Redefining \[ on input line 2953.
LaTeX Info: Redefining \] on input line 2954.
) (C:\Users\felip\AppData\Local\Programs\MiKTeX\tex/latex/parskip\parskip.sty
Package: parskip 2021-03-14 v2.0h non-zero parskip adjustments
) (C:\Users\felip\AppData\Local\Programs\MiKTeX\tex/latex/ragged2e\ragged2e.sty
Package: ragged2e 2023/06/22 v3.6 ragged2e Package
\CenteringLeftskip=\skip56
\RaggedLeftLeftskip=\skip57
\RaggedRightLeftskip=\skip58
\CenteringRightskip=\skip59
\RaggedLeftRightskip=\skip60
\RaggedRightRightskip=\skip61
\CenteringParfillskip=\skip62
\RaggedLeftParfillskip=\skip63
\RaggedRightParfillskip=\skip64
\JustifyingParfillskip=\skip65
\CenteringParindent=\skip66
\RaggedLeftParindent=\skip67
\RaggedRightParindent=\skip68
\JustifyingParindent=\skip69
) (C:\Users\felip\AppData\Local\Programs\MiKTeX\tex/latex/titlesec\titlesec.sty
Package: titlesec 2023/10/27 v2.16 Sectioning titles
\ttl@box=\box73
\beforetitleunit=\skip70
\aftertitleunit=\skip71
\ttl@plus=\dimen294
\ttl@minus=\dimen295
\ttl@toksa=\toks44
\titlewidth=\dimen296
\titlewidthlast=\dimen297
\titlewidthfirst=\dimen298
) (C:\Users\felip\AppData\Local\Programs\MiKTeX\tex/latex/fancyhdr\fancyhdr.sty
Package: fancyhdr 2024/07/23 v4.3.1 Extensive control of page headers and footers
\f@nch@headwidth=\skip72
\f@nch@O@elh=\skip73
\f@nch@O@erh=\skip74
\f@nch@O@olh=\skip75
\f@nch@O@orh=\skip76
\f@nch@O@elf=\skip77
\f@nch@O@erf=\skip78
\f@nch@O@olf=\skip79
\f@nch@O@orf=\skip80
) (C:\Users\felip\AppData\Local\Programs\MiKTeX\tex/latex/natbib\natbib.sty
Package: natbib 2010/09/13 8.31b (PWD, AO)
\bibhang=\skip81
\bibsep=\skip82
LaTeX Info: Redefining \cite on input line 694.
\c@NAT@ctr=\count344
)
LaTeX Font Info:    Trying to load font information for T1+ptm on input line 114.
 (C:\Users\felip\AppData\Local\Programs\MiKTeX\tex/latex/psnfss\t1ptm.fd
File: t1ptm.fd 2001/06/04 font definitions for T1/ptm.
) (c:/Users\felip\OneDrive\Escritorio\202420\MCOC\Parte 2\P1E1\ENTREGA_3_MCOC\INFORMEbuild\informe.aux
LaTeX Info: Redefining \. on input line 15.
LaTeX Info: Redefining \% on input line 15.
 (c:/Users\felip\OneDrive\Escritorio\202420\MCOC\Parte 2\P1E1\ENTREGA_3_MCOC\INFORMEbuild\introduccion.aux) (c:/Users\felip\OneDrive\Escritorio\202420\MCOC\Parte 2\P1E1\ENTREGA_3_MCOC\INFORMEbuild\parte_1.aux) (c:/Users\felip\OneDrive\Escritorio\202420\MCOC\Parte 2\P1E1\ENTREGA_3_MCOC\INFORMEbuild\parte_2.aux) (c:/Users\felip\OneDrive\Escritorio\202420\MCOC\Parte 2\P1E1\ENTREGA_3_MCOC\INFORMEbuild\parte_3.aux) (c:/Users\felip\OneDrive\Escritorio\202420\MCOC\Parte 2\P1E1\ENTREGA_3_MCOC\INFORMEbuild\anexos.aux

LaTeX Warning: Label `tab:medidas' multiply defined.

))
\openout1 = `informe.aux'.

LaTeX Font Info:    Checking defaults for OML/cmm/m/it on input line 114.
LaTeX Font Info:    ... okay on input line 114.
LaTeX Font Info:    Checking defaults for OMS/cmsy/m/n on input line 114.
LaTeX Font Info:    ... okay on input line 114.
LaTeX Font Info:    Checking defaults for OT1/cmr/m/n on input line 114.
LaTeX Font Info:    ... okay on input line 114.
LaTeX Font Info:    Checking defaults for T1/cmr/m/n on input line 114.
LaTeX Font Info:    ... okay on input line 114.
LaTeX Font Info:    Checking defaults for TS1/cmr/m/n on input line 114.
LaTeX Font Info:    ... okay on input line 114.
LaTeX Font Info:    Checking defaults for OMX/cmex/m/n on input line 114.
LaTeX Font Info:    ... okay on input line 114.
LaTeX Font Info:    Checking defaults for U/cmr/m/n on input line 114.
LaTeX Font Info:    ... okay on input line 114.
LaTeX Font Info:    Checking defaults for PD1/pdf/m/n on input line 114.
LaTeX Font Info:    ... okay on input line 114.
LaTeX Font Info:    Checking defaults for PU/pdf/m/n on input line 114.
LaTeX Font Info:    ... okay on input line 114.
LaTeX Info: Redefining \. on input line 114.
LaTeX Info: Redefining \% on input line 114.

*geometry* driver: auto-detecting
*geometry* detected driver: pdftex
*geometry* verbose mode - [ preamble ] result:
* driver: pdftex
* paper: letterpaper
* layout: <same size as paper>
* layoutoffset:(h,v)=(0.0pt,0.0pt)
* modes: 
* h-part:(L,W,R)=(85.35826pt, 443.57848pt, 85.35826pt)
* v-part:(T,H,B)=(99.58464pt, 624.25346pt, 71.13188pt)
* \paperwidth=614.295pt
* \paperheight=794.96999pt
* \textwidth=443.57848pt
* \textheight=624.25346pt
* \oddsidemargin=13.08827pt
* \evensidemargin=13.08827pt
* \topmargin=-68.81723pt
* \headheight=71.13188pt
* \headsep=25.0pt
* \topskip=10.0pt
* \footskip=30.0pt
* \marginparwidth=65.0pt
* \marginparsep=11.0pt
* \columnsep=10.0pt
* \skip\footins=9.0pt plus 4.0pt minus 2.0pt
* \hoffset=0.0pt
* \voffset=0.0pt
* \mag=1000
* \@twocolumnfalse
* \@twosidefalse
* \@mparswitchfalse
* \@reversemarginfalse
* (1in=72.27pt=25.4mm, 1cm=28.453pt)

LaTeX Info: Redefining \microtypecontext on input line 114.
Package microtype Info: Applying patch `item' on input line 114.
Package microtype Info: Applying patch `toc' on input line 114.
Package microtype Info: Applying patch `eqnum' on input line 114.
Package microtype Info: Applying patch `footnote' on input line 114.
Package microtype Info: Applying patch `verbatim' on input line 114.
Package microtype Info: Generating PDF output.
Package microtype Info: Character protrusion enabled (level 2).
Package microtype Info: Using default protrusion set `alltext'.
Package microtype Info: Automatic font expansion enabled (level 2),
(microtype)             stretch: 20, shrink: 20, step: 1, non-selected.
Package microtype Info: Using default expansion set `alltext-nott'.
LaTeX Info: Redefining \showhyphens on input line 114.
Package microtype Info: No adjustment of tracking.
Package microtype Info: No adjustment of interword spacing.
Package microtype Info: No adjustment of character kerning.
(C:\Users\felip\AppData\Local\Programs\MiKTeX\tex/latex/microtype\mt-ptm.cfg
File: mt-ptm.cfg 2006/04/20 v1.7 microtype config. file: Times (RS)
) (C:\Users\felip\AppData\Local\Programs\MiKTeX\tex/context/base/mkii\supp-pdf.mkii
[Loading MPS to PDF converter (version 2006.09.02).]
\scratchcounter=\count345
\scratchdimen=\dimen299
\scratchbox=\box74
\nofMPsegments=\count346
\nofMParguments=\count347
\everyMPshowfont=\toks45
\MPscratchCnt=\count348
\MPscratchDim=\dimen300
\MPnumerator=\count349
\makeMPintoPDFobject=\count350
\everyMPtoPDFconversion=\toks46
) (C:\Users\felip\AppData\Local\Programs\MiKTeX\tex/latex/epstopdf-pkg\epstopdf-base.sty
Package: epstopdf-base 2020-01-24 v2.11 Base part for package epstopdf
Package epstopdf-base Info: Redefining graphics rule for `.eps' on input line 485.
 (C:\Users\felip\AppData\Local\Programs\MiKTeX\tex/latex/00miktex\epstopdf-sys.cfg
File: epstopdf-sys.cfg 2021/03/18 v2.0 Configuration of epstopdf for MiKTeX
))
Package hyperref Info: Link coloring ON on input line 114.
 (c:/Users\felip\OneDrive\Escritorio\202420\MCOC\Parte 2\P1E1\ENTREGA_3_MCOC\INFORMEbuild\informe.out) (c:/Users\felip\OneDrive\Escritorio\202420\MCOC\Parte 2\P1E1\ENTREGA_3_MCOC\INFORMEbuild\informe.out)
\@outlinefile=\write4
\openout4 = `informe.out'.

\c@lstlisting=\count351

Couldn't patch \ttl@straight@ii
Couldn't patch \ttl@straight@ii
<LOGO_UNIVERSIDAD.jpg, id=134, 682.9515pt x 247.6452pt>
File: LOGO_UNIVERSIDAD.jpg Graphic file (type jpg)
<use LOGO_UNIVERSIDAD.jpg>
Package pdftex.def Info: LOGO_UNIVERSIDAD.jpg  used on input line 124.
(pdftex.def)             Requested size: 284.52756pt x 103.17137pt.


[1

{C:/Users/felip/AppData/Local/MiKTeX/fonts/map/pdftex/pdftex.map}{C:/Users/felip/AppData/Local/Programs/MiKTeX/fonts/enc/dvips/base/8r.enc} <./LOGO_UNIVERSIDAD.jpg>] (c:/Users\felip\OneDrive\Escritorio\202420\MCOC\Parte 2\P1E1\ENTREGA_3_MCOC\INFORMEbuild\informe.toc
LaTeX Info: Redefining \. on input line 1.
LaTeX Info: Redefining \% on input line 1.
LaTeX Font Info:    Trying to load font information for OT1+ztmcm on input line 4.
 (C:\Users\felip\AppData\Local\Programs\MiKTeX\tex/latex/psnfss\ot1ztmcm.fd
File: ot1ztmcm.fd 2000/01/03 Fontinst v1.801 font definitions for OT1/ztmcm.
)
Package microtype Info: Loading generic protrusion settings for font family
(microtype)             `ztmcm' (encoding: OT1).
(microtype)             For optimal results, create family-specific settings.
(microtype)             See the microtype manual for details.
LaTeX Font Info:    Trying to load font information for OML+ztmcm on input line 4.
 (C:\Users\felip\AppData\Local\Programs\MiKTeX\tex/latex/psnfss\omlztmcm.fd
File: omlztmcm.fd 2000/01/03 Fontinst v1.801 font definitions for OML/ztmcm.
)
LaTeX Font Info:    Trying to load font information for OMS+ztmcm on input line 4.
 (C:\Users\felip\AppData\Local\Programs\MiKTeX\tex/latex/psnfss\omsztmcm.fd
File: omsztmcm.fd 2000/01/03 Fontinst v1.801 font definitions for OMS/ztmcm.
)
LaTeX Font Info:    Trying to load font information for OMX+ztmcm on input line 4.
 (C:\Users\felip\AppData\Local\Programs\MiKTeX\tex/latex/psnfss\omxztmcm.fd
File: omxztmcm.fd 2000/01/03 Fontinst v1.801 font definitions for OMX/ztmcm.
)
LaTeX Font Info:    Trying to load font information for OT1+ptm on input line 4.
 (C:\Users\felip\AppData\Local\Programs\MiKTeX\tex/latex/psnfss\ot1ptm.fd
File: ot1ptm.fd 2001/06/04 font definitions for OT1/ptm.
)
LaTeX Font Info:    Font shape `OT1/ptm/bx/n' in size <10> not available
(Font)              Font shape `OT1/ptm/b/n' tried instead on input line 4.
LaTeX Font Info:    Font shape `OT1/ptm/bx/n' in size <7.4> not available
(Font)              Font shape `OT1/ptm/b/n' tried instead on input line 4.
LaTeX Font Info:    Font shape `OT1/ptm/bx/n' in size <6> not available
(Font)              Font shape `OT1/ptm/b/n' tried instead on input line 4.
)
\tf@toc=\write5
\openout5 = `informe.toc'.




pdfTeX warning (ext4): destination with the same identifier (name{page.1}) has been already used, duplicate ignored
<to be read again> 
                   \relax 
l.162 \newpage
               [1] (c:/Users\felip\OneDrive\Escritorio\202420\MCOC\Parte 2\P1E1\ENTREGA_3_MCOC\INFORMEbuild\informe.lof
LaTeX Info: Redefining \. on input line 1.
LaTeX Info: Redefining \% on input line 1.
)
\tf@lof=\write6
\openout6 = `informe.lof'.



[2]
\openout2 = `introduccion.aux'.

 (introduccion.tex
Underfull \hbox (badness 10000) in paragraph at lines 3--22

 []


Underfull \hbox (badness 10000) in paragraph at lines 3--22

 []


Underfull \hbox (badness 10000) in paragraph at lines 3--22

 []


Underfull \hbox (badness 10000) in paragraph at lines 3--22

 []


Underfull \hbox (badness 10000) in paragraph at lines 3--22

 []


Underfull \hbox (badness 10000) in paragraph at lines 3--22

 []

)

File: LOGO_UNIVERSIDAD.jpg Graphic file (type jpg)
<use LOGO_UNIVERSIDAD.jpg>
Package pdftex.def Info: LOGO_UNIVERSIDAD.jpg  used on input line 175.
(pdftex.def)             Requested size: 110.8946pt x 40.20973pt.

pdfTeX warning (ext4): destination with the same identifier (name{page.1}) has been already used, duplicate ignored
<to be read again> 
                   \relax 
l.175 \include{introduccion}
                             [1

]
\openout2 = `parte_1.aux'.

 (parte_1.tex

File: LOGO_UNIVERSIDAD.jpg Graphic file (type jpg)
<use LOGO_UNIVERSIDAD.jpg>
Package pdftex.def Info: LOGO_UNIVERSIDAD.jpg  used on input line 34.
(pdftex.def)             Requested size: 110.8946pt x 40.20973pt.

pdfTeX warning (ext4): destination with the same identifier (name{page.2}) has been already used, duplicate ignored
<to be read again> 
                   \relax 
l.34 \end{equation}
                    [2




]
<GRAFICOS/caso_1.jpg, id=273, 596.9502pt x 426.393pt>
File: GRAFICOS/caso_1.jpg Graphic file (type jpg)
<use GRAFICOS/caso_1.jpg>
Package pdftex.def Info: GRAFICOS/caso_1.jpg  used on input line 75.
(pdftex.def)             Requested size: 141.94835pt x 101.393pt.
<GRAFICOS/caso_2.jpg, id=274, 596.9502pt x 426.393pt>
File: GRAFICOS/caso_2.jpg Graphic file (type jpg)
<use GRAFICOS/caso_2.jpg>
Package pdftex.def Info: GRAFICOS/caso_2.jpg  used on input line 80.
(pdftex.def)             Requested size: 141.94835pt x 101.393pt.
<GRAFICOS/caso_3.jpg, id=275, 596.9502pt x 426.393pt>
File: GRAFICOS/caso_3.jpg Graphic file (type jpg)
<use GRAFICOS/caso_3.jpg>
Package pdftex.def Info: GRAFICOS/caso_3.jpg  used on input line 85.
(pdftex.def)             Requested size: 141.94835pt x 101.393pt.


File: LOGO_UNIVERSIDAD.jpg Graphic file (type jpg)
<use LOGO_UNIVERSIDAD.jpg>
Package pdftex.def Info: LOGO_UNIVERSIDAD.jpg  used on input line 89.
(pdftex.def)             Requested size: 110.8946pt x 40.20973pt.
[3]
<GRAFICOS/caso_1_presion_poros.jpg, id=287, 518.8986pt x 464.6961pt>
File: GRAFICOS/caso_1_presion_poros.jpg Graphic file (type jpg)
<use GRAFICOS/caso_1_presion_poros.jpg>
Package pdftex.def Info: GRAFICOS/caso_1_presion_poros.jpg  used on input line 98.
(pdftex.def)             Requested size: 141.94835pt x 127.12175pt.
<GRAFICOS/caso_2_presion_poros.jpg, id=288, 518.8986pt x 464.6961pt>
File: GRAFICOS/caso_2_presion_poros.jpg Graphic file (type jpg)
<use GRAFICOS/caso_2_presion_poros.jpg>
Package pdftex.def Info: GRAFICOS/caso_2_presion_poros.jpg  used on input line 103.
(pdftex.def)             Requested size: 141.94835pt x 127.12175pt.
<GRAFICOS/caso_3_presion_poros.jpg, id=289, 518.8986pt x 464.6961pt>
File: GRAFICOS/caso_3_presion_poros.jpg Graphic file (type jpg)
<use GRAFICOS/caso_3_presion_poros.jpg>
Package pdftex.def Info: GRAFICOS/caso_3_presion_poros.jpg  used on input line 108.
(pdftex.def)             Requested size: 141.94835pt x 127.12175pt.
<GRAFICOS/caso_1_presion_ataguia_total.jpg, id=290, 596.9502pt x 426.393pt>
File: GRAFICOS/caso_1_presion_ataguia_total.jpg Graphic file (type jpg)
<use GRAFICOS/caso_1_presion_ataguia_total.jpg>
Package pdftex.def Info: GRAFICOS/caso_1_presion_ataguia_total.jpg  used on input line 119.
(pdftex.def)             Requested size: 141.94835pt x 101.393pt.
<GRAFICOS/caso_2_presion_ataguia_total.jpg, id=291, 596.9502pt x 426.393pt>
File: GRAFICOS/caso_2_presion_ataguia_total.jpg Graphic file (type jpg)
<use GRAFICOS/caso_2_presion_ataguia_total.jpg>
Package pdftex.def Info: GRAFICOS/caso_2_presion_ataguia_total.jpg  used on input line 124.
(pdftex.def)             Requested size: 141.94835pt x 101.393pt.
<GRAFICOS/caso_3_presion_ataguia_total.jpg, id=292, 596.9502pt x 426.393pt>
File: GRAFICOS/caso_3_presion_ataguia_total.jpg Graphic file (type jpg)
<use GRAFICOS/caso_3_presion_ataguia_total.jpg>
Package pdftex.def Info: GRAFICOS/caso_3_presion_ataguia_total.jpg  used on input line 129.
(pdftex.def)             Requested size: 141.94835pt x 101.393pt.


File: LOGO_UNIVERSIDAD.jpg Graphic file (type jpg)
<use LOGO_UNIVERSIDAD.jpg>
Package pdftex.def Info: LOGO_UNIVERSIDAD.jpg  used on input line 133.
(pdftex.def)             Requested size: 110.8946pt x 40.20973pt.
[4
pdfTeX warning (ext4): destination with the same identifier (name{figure.1}) has been already used, duplicate ignored
<argument> ...shipout:D \box_use:N \l_shipout_box 
                                                  \__shipout_drop_firstpage_...
l.133 
      
pdfTeX warning (ext4): destination with the same identifier (name{figure.2}) has been already used, duplicate ignored
<argument> ...shipout:D \box_use:N \l_shipout_box 
                                                  \__shipout_drop_firstpage_...
l.133 
      
pdfTeX warning (ext4): destination with the same identifier (name{figure.3}) has been already used, duplicate ignored
<argument> ...shipout:D \box_use:N \l_shipout_box 
                                                  \__shipout_drop_firstpage_...
l.133 
      
pdfTeX warning (ext4): destination with the same identifier (name{figure.4}) has been already used, duplicate ignored
<argument> ...shipout:D \box_use:N \l_shipout_box 
                                                  \__shipout_drop_firstpage_...
l.133 
      
pdfTeX warning (ext4): destination with the same identifier (name{figure.5}) has been already used, duplicate ignored
<argument> ...shipout:D \box_use:N \l_shipout_box 
                                                  \__shipout_drop_firstpage_...
l.133 
      
pdfTeX warning (ext4): destination with the same identifier (name{figure.6}) has been already used, duplicate ignored
<argument> ...shipout:D \box_use:N \l_shipout_box 
                                                  \__shipout_drop_firstpage_...
l.133 
       <./GRAFICOS/caso_1.jpg> <./GRAFICOS/caso_2.jpg> <./GRAFICOS/caso_3.jpg> <./GRAFICOS/caso_1_presion_poros.jpg> <./GRAFICOS/caso_2_presion_poros.jpg> <./GRAFICOS/caso_3_presion_poros.jpg>]
<GRAFICOS/caso_1_presion_ataguia_neta.jpg, id=299, 596.9502pt x 426.393pt>
File: GRAFICOS/caso_1_presion_ataguia_neta.jpg Graphic file (type jpg)
<use GRAFICOS/caso_1_presion_ataguia_neta.jpg>
Package pdftex.def Info: GRAFICOS/caso_1_presion_ataguia_neta.jpg  used on input line 140.
(pdftex.def)             Requested size: 141.94835pt x 101.393pt.
<GRAFICOS/caso_2_presion_ataguia_neta.jpg, id=300, 596.9502pt x 426.393pt>
File: GRAFICOS/caso_2_presion_ataguia_neta.jpg Graphic file (type jpg)
<use GRAFICOS/caso_2_presion_ataguia_neta.jpg>
Package pdftex.def Info: GRAFICOS/caso_2_presion_ataguia_neta.jpg  used on input line 145.
(pdftex.def)             Requested size: 141.94835pt x 101.393pt.
<GRAFICOS/caso_3_presion_ataguia_neta.jpg, id=301, 596.9502pt x 426.393pt>
File: GRAFICOS/caso_3_presion_ataguia_neta.jpg Graphic file (type jpg)
<use GRAFICOS/caso_3_presion_ataguia_neta.jpg>
Package pdftex.def Info: GRAFICOS/caso_3_presion_ataguia_neta.jpg  used on input line 150.
(pdftex.def)             Requested size: 141.94835pt x 101.393pt.
<GRAFICOS/caso_1_centroide_y.jpg, id=302, 596.9502pt x 426.393pt>
File: GRAFICOS/caso_1_centroide_y.jpg Graphic file (type jpg)
<use GRAFICOS/caso_1_centroide_y.jpg>
Package pdftex.def Info: GRAFICOS/caso_1_centroide_y.jpg  used on input line 161.
(pdftex.def)             Requested size: 141.94835pt x 101.393pt.
<GRAFICOS/caso_2_centroide_y.jpg, id=303, 596.9502pt x 426.393pt>
File: GRAFICOS/caso_2_centroide_y.jpg Graphic file (type jpg)
<use GRAFICOS/caso_2_centroide_y.jpg>
Package pdftex.def Info: GRAFICOS/caso_2_centroide_y.jpg  used on input line 166.
(pdftex.def)             Requested size: 141.94835pt x 101.393pt.
<GRAFICOS/caso_3_centroide_y.jpg, id=304, 596.9502pt x 426.393pt>
File: GRAFICOS/caso_3_centroide_y.jpg Graphic file (type jpg)
<use GRAFICOS/caso_3_centroide_y.jpg>
Package pdftex.def Info: GRAFICOS/caso_3_centroide_y.jpg  used on input line 171.
(pdftex.def)             Requested size: 141.94835pt x 101.393pt.
)

File: LOGO_UNIVERSIDAD.jpg Graphic file (type jpg)
<use LOGO_UNIVERSIDAD.jpg>
Package pdftex.def Info: LOGO_UNIVERSIDAD.jpg  used on input line 177.
(pdftex.def)             Requested size: 110.8946pt x 40.20973pt.
[5
pdfTeX warning (ext4): destination with the same identifier (name{figure.7}) has been already used, duplicate ignored
<argument> ...shipout:D \box_use:N \l_shipout_box 
                                                  \__shipout_drop_firstpage_...
l.177 \include{parte_1}
                       
pdfTeX warning (ext4): destination with the same identifier (name{figure.8}) has been already used, duplicate ignored
<argument> ...shipout:D \box_use:N \l_shipout_box 
                                                  \__shipout_drop_firstpage_...
l.177 \include{parte_1}
                       
pdfTeX warning (ext4): destination with the same identifier (name{figure.9}) has been already used, duplicate ignored
<argument> ...shipout:D \box_use:N \l_shipout_box 
                                                  \__shipout_drop_firstpage_...
l.177 \include{parte_1}
                       
pdfTeX warning (ext4): destination with the same identifier (name{figure.10}) has been already used, duplicate ignored
<argument> ...shipout:D \box_use:N \l_shipout_box 
                                                  \__shipout_drop_firstpage_...
l.177 \include{parte_1}
                       
pdfTeX warning (ext4): destination with the same identifier (name{figure.11}) has been already used, duplicate ignored
<argument> ...shipout:D \box_use:N \l_shipout_box 
                                                  \__shipout_drop_firstpage_...
l.177 \include{parte_1}
                       
pdfTeX warning (ext4): destination with the same identifier (name{figure.12}) has been already used, duplicate ignored
<argument> ...shipout:D \box_use:N \l_shipout_box 
                                                  \__shipout_drop_firstpage_...
l.177 \include{parte_1}
                       
pdfTeX warning (ext4): destination with the same identifier (name{figure.13}) has been already used, duplicate ignored
<argument> ...shipout:D \box_use:N \l_shipout_box 
                                                  \__shipout_drop_firstpage_...
l.177 \include{parte_1}
                       
pdfTeX warning (ext4): destination with the same identifier (name{figure.14}) has been already used, duplicate ignored
<argument> ...shipout:D \box_use:N \l_shipout_box 
                                                  \__shipout_drop_firstpage_...
l.177 \include{parte_1}
                       
pdfTeX warning (ext4): destination with the same identifier (name{figure.15}) has been already used, duplicate ignored
<argument> ...shipout:D \box_use:N \l_shipout_box 
                                                  \__shipout_drop_firstpage_...
l.177 \include{parte_1}
                        <./GRAFICOS/caso_1_presion_ataguia_total.jpg> <./GRAFICOS/caso_2_presion_ataguia_total.jpg> <./GRAFICOS/caso_3_presion_ataguia_total.jpg> <./GRAFICOS/caso_1_presion_ataguia_neta.jpg> <./GRAFICOS/caso_2_presion_ataguia_neta.jpg> <./GRAFICOS/caso_3_presion_ataguia_neta.jpg> <./GRAFICOS/caso_1_centroide_y.jpg> <./GRAFICOS/caso_2_centroide_y.jpg> <./GRAFICOS/caso_3_centroide_y.jpg>]
\openout2 = `parte_2.aux'.

 (parte_2.tex
<FOTOS/in.jpg, id=310, 1418.29875pt x 1079.03125pt>
File: FOTOS/in.jpg Graphic file (type jpg)
<use FOTOS/in.jpg>
Package pdftex.def Info: FOTOS/in.jpg  used on input line 29.
(pdftex.def)             Requested size: 221.78923pt x 168.72993pt.
<FOTOS/out.jpg, id=311, 1526.70375pt x 1131.22626pt>
File: FOTOS/out.jpg Graphic file (type jpg)
<use FOTOS/out.jpg>
Package pdftex.def Info: FOTOS/out.jpg  used on input line 44.
(pdftex.def)             Requested size: 221.78923pt x 164.32567pt.


File: LOGO_UNIVERSIDAD.jpg Graphic file (type jpg)
<use LOGO_UNIVERSIDAD.jpg>
Package pdftex.def Info: LOGO_UNIVERSIDAD.jpg  used on input line 48.
(pdftex.def)             Requested size: 110.8946pt x 40.20973pt.
[6





pdfTeX warning (ext4): destination with the same identifier (name{figure.16}) has been already used, duplicate ignored
<argument> ...shipout:D \box_use:N \l_shipout_box 
                                                  \__shipout_drop_firstpage_...
l.48 
      <./FOTOS/in.jpg>]

File: LOGO_UNIVERSIDAD.jpg Graphic file (type jpg)
<use LOGO_UNIVERSIDAD.jpg>
Package pdftex.def Info: LOGO_UNIVERSIDAD.jpg  used on input line 95.
(pdftex.def)             Requested size: 110.8946pt x 40.20973pt.
[7
pdfTeX warning (ext4): destination with the same identifier (name{figure.17}) has been already used, duplicate ignored
<argument> ...shipout:D \box_use:N \l_shipout_box 
                                                  \__shipout_drop_firstpage_...
l.95 \end{equation}
                    <./FOTOS/out.jpg>]
<FOTOS/grilla.jpg, id=334, 1346.02875pt x 1028.84375pt>
File: FOTOS/grilla.jpg Graphic file (type jpg)
<use FOTOS/grilla.jpg>
Package pdftex.def Info: FOTOS/grilla.jpg  used on input line 147.
(pdftex.def)             Requested size: 221.78923pt x 169.5164pt.


File: LOGO_UNIVERSIDAD.jpg Graphic file (type jpg)
<use LOGO_UNIVERSIDAD.jpg>
Package pdftex.def Info: LOGO_UNIVERSIDAD.jpg  used on input line 150.
(pdftex.def)             Requested size: 110.8946pt x 40.20973pt.
[8]
<GRAFICOS/laplace_caso_1.jpg, id=348, 1423.719pt x 340.3917pt>
File: GRAFICOS/laplace_caso_1.jpg Graphic file (type jpg)
<use GRAFICOS/laplace_caso_1.jpg>
Package pdftex.def Info: GRAFICOS/laplace_caso_1.jpg  used on input line 181.
(pdftex.def)             Requested size: 443.57848pt x 106.0553pt.


File: LOGO_UNIVERSIDAD.jpg Graphic file (type jpg)
<use LOGO_UNIVERSIDAD.jpg>
Package pdftex.def Info: LOGO_UNIVERSIDAD.jpg  used on input line 184.
(pdftex.def)             Requested size: 110.8946pt x 40.20973pt.
[9
pdfTeX warning (ext4): destination with the same identifier (name{figure.18}) has been already used, duplicate ignored
<argument> ...shipout:D \box_use:N \l_shipout_box 
                                                  \__shipout_drop_firstpage_...
l.184 
       <./FOTOS/grilla.jpg>]
<GRAFICOS/laplace_caso_2.jpg, id=358, 1423.719pt x 340.3917pt>
File: GRAFICOS/laplace_caso_2.jpg Graphic file (type jpg)
<use GRAFICOS/laplace_caso_2.jpg>
Package pdftex.def Info: GRAFICOS/laplace_caso_2.jpg  used on input line 189.
(pdftex.def)             Requested size: 443.57848pt x 106.0553pt.
<GRAFICOS/laplace_caso_3.jpg, id=359, 1423.719pt x 340.3917pt>
File: GRAFICOS/laplace_caso_3.jpg Graphic file (type jpg)
<use GRAFICOS/laplace_caso_3.jpg>
Package pdftex.def Info: GRAFICOS/laplace_caso_3.jpg  used on input line 197.
(pdftex.def)             Requested size: 443.57848pt x 106.0553pt.
)

File: LOGO_UNIVERSIDAD.jpg Graphic file (type jpg)
<use LOGO_UNIVERSIDAD.jpg>
Package pdftex.def Info: LOGO_UNIVERSIDAD.jpg  used on input line 179.
(pdftex.def)             Requested size: 110.8946pt x 40.20973pt.
[10
pdfTeX warning (ext4): destination with the same identifier (name{figure.19}) has been already used, duplicate ignored
<argument> ...shipout:D \box_use:N \l_shipout_box 
                                                  \__shipout_drop_firstpage_...
l.179 \include{parte_2}
                       
pdfTeX warning (ext4): destination with the same identifier (name{figure.20}) has been already used, duplicate ignored
<argument> ...shipout:D \box_use:N \l_shipout_box 
                                                  \__shipout_drop_firstpage_...
l.179 \include{parte_2}
                       
pdfTeX warning (ext4): destination with the same identifier (name{figure.21}) has been already used, duplicate ignored
<argument> ...shipout:D \box_use:N \l_shipout_box 
                                                  \__shipout_drop_firstpage_...
l.179 \include{parte_2}
                        <./GRAFICOS/laplace_caso_1.jpg> <./GRAFICOS/laplace_caso_2.jpg> <./GRAFICOS/laplace_caso_3.jpg>]
\openout2 = `parte_3.aux'.

 (parte_3.tex
<VIDEOS/miniatura_licuefaccion.png, id=368, 533.995pt x 944.52875pt>
File: VIDEOS/miniatura_licuefaccion.png Graphic file (type png)
<use VIDEOS/miniatura_licuefaccion.png>
Package pdftex.def Info: VIDEOS/miniatura_licuefaccion.png  used on input line 24.
(pdftex.def)             Requested size: 443.57848pt x 784.63605pt.
<<VPlayer.swf>><<VIDEOS/licuefaccion.mp4>>

File: LOGO_UNIVERSIDAD.jpg Graphic file (type jpg)
<use LOGO_UNIVERSIDAD.jpg>
Package pdftex.def Info: LOGO_UNIVERSIDAD.jpg  used on input line 25.
(pdftex.def)             Requested size: 110.8946pt x 40.20973pt.
[11




]
<GRAFICOS/caso_licuefaccion_presion_poros.jpg, id=393, 596.9502pt x 426.393pt>
File: GRAFICOS/caso_licuefaccion_presion_poros.jpg Graphic file (type jpg)
<use GRAFICOS/caso_licuefaccion_presion_poros.jpg>
Package pdftex.def Info: GRAFICOS/caso_licuefaccion_presion_poros.jpg  used on input line 45.
(pdftex.def)             Requested size: 221.78923pt x 158.42006pt.


File: LOGO_UNIVERSIDAD.jpg Graphic file (type jpg)
<use LOGO_UNIVERSIDAD.jpg>
Package pdftex.def Info: LOGO_UNIVERSIDAD.jpg  used on input line 49.
(pdftex.def)             Requested size: 110.8946pt x 40.20973pt.
[12
pdfTeX warning (ext4): destination with the same identifier (name{table.1}) has been already used, duplicate ignored
<argument> ...shipout:D \box_use:N \l_shipout_box 
                                                  \__shipout_drop_firstpage_...
l.49 
      <./VIDEOS/miniatura_licuefaccion.png>]
Underfull \hbox (badness 10000) in paragraph at lines 50--53

 []

<GRAFICOS/laplace_caso_licuefaccion_escala_cm.jpg, id=401, 1423.719pt x 340.3917pt>
File: GRAFICOS/laplace_caso_licuefaccion_escala_cm.jpg Graphic file (type jpg)
<use GRAFICOS/laplace_caso_licuefaccion_escala_cm.jpg>
Package pdftex.def Info: GRAFICOS/laplace_caso_licuefaccion_escala_cm.jpg  used on input line 56.
(pdftex.def)             Requested size: 443.57848pt x 106.0553pt.
)

File: LOGO_UNIVERSIDAD.jpg Graphic file (type jpg)
<use LOGO_UNIVERSIDAD.jpg>
Package pdftex.def Info: LOGO_UNIVERSIDAD.jpg  used on input line 181.
(pdftex.def)             Requested size: 110.8946pt x 40.20973pt.
[13
pdfTeX warning (ext4): destination with the same identifier (name{figure.22}) has been already used, duplicate ignored
<argument> ...shipout:D \box_use:N \l_shipout_box 
                                                  \__shipout_drop_firstpage_...
l.181 \include{parte_3}
                       
pdfTeX warning (ext4): destination with the same identifier (name{figure.23}) has been already used, duplicate ignored
<argument> ...shipout:D \box_use:N \l_shipout_box 
                                                  \__shipout_drop_firstpage_...
l.181 \include{parte_3}
                        <./GRAFICOS/caso_licuefaccion_presion_poros.jpg> <./GRAFICOS/laplace_caso_licuefaccion_escala_cm.jpg>]
\openout2 = `anexos.aux'.

 (anexos.tex)

File: LOGO_UNIVERSIDAD.jpg Graphic file (type jpg)
<use LOGO_UNIVERSIDAD.jpg>
Package pdftex.def Info: LOGO_UNIVERSIDAD.jpg  used on input line 183.
(pdftex.def)             Requested size: 110.8946pt x 40.20973pt.
[14




pdfTeX warning (ext4): destination with the same identifier (name{table.2}) has been already used, duplicate ignored
<argument> ...shipout:D \box_use:N \l_shipout_box 
                                                  \__shipout_drop_firstpage_...
l.183 \include{anexos}
                      ] (c:/Users\felip\OneDrive\Escritorio\202420\MCOC\Parte 2\P1E1\ENTREGA_3_MCOC\INFORMEbuild\informe.bbl
LaTeX Font Info:    Trying to load font information for T1+cmtt on input line 24.
 (C:\Users\felip\AppData\Local\Programs\MiKTeX\tex/latex/base\t1cmtt.fd
File: t1cmtt.fd 2023/04/13 v2.5m Standard LaTeX font definitions
)
Package microtype Info: Loading generic protrusion settings for font family
(microtype)             `cmtt' (encoding: T1).
(microtype)             For optimal results, create family-specific settings.
(microtype)             See the microtype manual for details.

Underfull \hbox (badness 4967) in paragraph at lines 54--59
[]\T1/ptm/m/n/10 (+20) N. Si-va-ku-gan.  \T1/ptm/m/it/10 (+20) Per-mea-bi-lity and See-pa-ge\T1/ptm/m/n/10 (+20) .  2005.  URL [][]$\T1/cmtt/m/n/10 https : / / www . geoengineer . org /
 []

)

File: LOGO_UNIVERSIDAD.jpg Graphic file (type jpg)
<use LOGO_UNIVERSIDAD.jpg>
Package pdftex.def Info: LOGO_UNIVERSIDAD.jpg  used on input line 188.
(pdftex.def)             Requested size: 110.8946pt x 40.20973pt.
[15


] (c:/Users\felip\OneDrive\Escritorio\202420\MCOC\Parte 2\P1E1\ENTREGA_3_MCOC\INFORMEbuild\informe.aux
LaTeX Info: Redefining \. on input line 15.
LaTeX Info: Redefining \% on input line 15.
 (c:/Users\felip\OneDrive\Escritorio\202420\MCOC\Parte 2\P1E1\ENTREGA_3_MCOC\INFORMEbuild\introduccion.aux) (c:/Users\felip\OneDrive\Escritorio\202420\MCOC\Parte 2\P1E1\ENTREGA_3_MCOC\INFORMEbuild\parte_1.aux) (c:/Users\felip\OneDrive\Escritorio\202420\MCOC\Parte 2\P1E1\ENTREGA_3_MCOC\INFORMEbuild\parte_2.aux) (c:/Users\felip\OneDrive\Escritorio\202420\MCOC\Parte 2\P1E1\ENTREGA_3_MCOC\INFORMEbuild\parte_3.aux) (c:/Users\felip\OneDrive\Escritorio\202420\MCOC\Parte 2\P1E1\ENTREGA_3_MCOC\INFORMEbuild\anexos.aux))
 ***********
LaTeX2e <2024-06-01> patch level 2
L3 programming layer <2024-07-20>
 ***********


LaTeX Warning: There were multiply-defined labels.

Package rerunfilecheck Info: File `informe.out' has not changed.
(rerunfilecheck)             Checksum: CCF43DF75CA075D3B3E437DE952DA95A;4607.
 ) 
Here is how much of TeX's memory you used:
 27944 strings out of 473899
 523026 string characters out of 5726501
 1938960 words of memory out of 5000000
 50060 multiletter control sequences out of 15000+600000
 601239 words of font info for 167 fonts, out of 8000000 for 9000
 1141 hyphenation exceptions out of 8191
 84i,17n,87p,1221b,650s stack positions out of 10000i,1000n,20000p,200000b,200000s
 <C:\Users\felip\AppData\Local\MiKTeX\fonts/pk/ljfour/jknappen/ec/dpi600\ectt1000.pk><C:/Users/felip/AppData/Local/Programs/MiKTeX/fonts/type1/public/amsfonts/cm/cmmi10.pfb><C:/Users/felip/AppData/Local/Programs/MiKTeX/fonts/type1/public/amsfonts/cm/cmr10.pfb><C:/Users/felip/AppData/Local/Programs/MiKTeX/fonts/type1/public/amsfonts/cm/cmsy10.pfb><C:/Users/felip/AppData/Local/Programs/MiKTeX/fonts/type1/urw/symbol/usyr.pfb><C:/Users/felip/AppData/Local/Programs/MiKTeX/fonts/type1/urw/symbol/usyr.pfb><C:/Users/felip/AppData/Local/Programs/MiKTeX/fonts/type1/urw/times/utmb8a.pfb><C:/Users/felip/AppData/Local/Programs/MiKTeX/fonts/type1/urw/times/utmr8a.pfb><C:/Users/felip/AppData/Local/Programs/MiKTeX/fonts/type1/urw/times/utmri8a.pfb>
Output written on "c:/Users\felip\OneDrive\Escritorio\202420\MCOC\Parte 2\P1E1\ENTREGA_3_MCOC\INFORMEbuild\informe.pdf" (18 pages, 45915001 bytes).
PDF statistics:
 524 PDF objects out of 1000 (max. 8388607)
 107 named destinations out of 1000 (max. 500000)
 45534 words of extra memory for PDF output out of 51595 (max. 10000000)

